  main.cpp
c:\users\user\group23_ex1_vs2017-games-physics\simulations\util\vectorbase.h(11): warning C4005: 'NOMINMAX': macro redefinition
  c:\users\user\group23_ex1_vs2017-games-physics\simulations\main.cpp: note: see previous definition of 'NOMINMAX'
c:\users\user\group23_ex1_vs2017-games-physics\simulations\main.cpp(48): warning C4305: 'initializing': truncation from 'double' to 'float'
c:\users\user\group23_ex1_vs2017-games-physics\simulations\util\vectorbase.h(204): warning C4244: 'argument': conversion from 'const Scalar' to 'float', possible loss of data
          with
          [
              Scalar=GamePhysics::Real
          ]
  c:\users\user\group23_ex1_vs2017-games-physics\simulations\util\vectorbase.h(203): note: while compiling class template member function 'DirectX::XMVECTOR GamePhysics::vector3Dim<GamePhysics::Real>::toDirectXVector(void) const'
  c:\users\user\group23_ex1_vs2017-games-physics\simulations\drawingutilitiesclass.h(285): note: see reference to function template instantiation 'DirectX::XMVECTOR GamePhysics::vector3Dim<GamePhysics::Real>::toDirectXVector(void) const' being compiled
  c:\users\user\group23_ex1_vs2017-games-physics\simulations\util\vectorbase.h(859): note: see reference to class template instantiation 'GamePhysics::vector3Dim<GamePhysics::Real>' being compiled
c:\users\user\group23_ex1_vs2017-games-physics\simulations\util\matrixbase.h(777): warning C4244: 'argument': conversion from 'Scalar' to 'float', possible loss of data
          with
          [
              Scalar=double
          ]
  c:\users\user\group23_ex1_vs2017-games-physics\simulations\util\matrixbase.h(773): note: while compiling class template member function 'DirectX::XMMATRIX GamePhysics::matrix4x4<double>::toDirectXMatrix(void)'
  c:\users\user\group23_ex1_vs2017-games-physics\simulations\drawingutilitiesclass.h(380): note: see reference to function template instantiation 'DirectX::XMMATRIX GamePhysics::matrix4x4<double>::toDirectXMatrix(void)' being compiled
  c:\users\user\group23_ex1_vs2017-games-physics\simulations\drawingutilitiesclass.h(379): note: see reference to class template instantiation 'GamePhysics::matrix4x4<double>' being compiled
c:\users\user\group23_ex1_vs2017-games-physics\simulations\util\matrixbase.h(776): warning C4244: 'argument': conversion from 'Scalar' to 'float', possible loss of data
          with
          [
              Scalar=double
          ]
c:\users\user\group23_ex1_vs2017-games-physics\simulations\util\matrixbase.h(775): warning C4244: 'argument': conversion from 'Scalar' to 'float', possible loss of data
          with
          [
              Scalar=double
          ]
c:\users\user\group23_ex1_vs2017-games-physics\simulations\util\matrixbase.h(774): warning C4244: 'argument': conversion from 'Scalar' to 'float', possible loss of data
          with
          [
              Scalar=double
          ]
  SimulationsRunner_2017.vcxproj -> C:\Users\User\Group23_Ex1_VS2017-Games-Physics\Win32\Debug\SimulationsRunner_2017.exe
